DeviceAutomator/build/intermediates/manifest_merge_blame_file/debug/manifest-merger-blame-debug-report.txt
1<?xml version="1.0" encoding="utf-8"?>
2<manifest xmlns:android="http://schemas.android.com/apk/res/android"
3    xmlns:tools="http://schemas.android.com/tools"
4    package="com.lukekorth.deviceautomator"
5    android:versionCode="7"
6    android:versionName="1.1.0-SNAPSHOT" >
7
8    <uses-sdk
8-->src\main\AndroidManifest.xml:4:5-71
9        android:minSdkVersion="18"
9-->src\main\AndroidManifest.xml:4:5-71
10        android:targetSdkVersion="30"
10-->src\main\AndroidManifest.xml:4:5-71
11        tools:overrideLibrary="com.lukekorth.deviceautomator" />
11-->src\main\AndroidManifest.xml:4:15-68
12
13</manifest>